This file contains any messages produced by compilers while
running configure, to aid debugging if configure makes a mistake.

It was created by libvmod-ipcast configure trunk, which was
generated by GNU Autoconf 2.68.  Invocation command line was

  $ ./configure --build=x86_64-linux-gnu --prefix=/usr --includedir=${prefix}/include --mandir=${prefix}/share/man --infodir=${prefix}/share/info --sysconfdir=/etc --localstatedir=/var --libexecdir=${prefix}/lib/libvmod-ipcast --disable-maintainer-mode --disable-dependency-tracking VMODDIR=/usr/lib/varnish/vmods VARNISHSRC=/home/reprepro/varnish-3.0.2

## --------- ##
## Platform. ##
## --------- ##

hostname = apt-repo
uname -m = x86_64
uname -r = 3.2.0-25-virtual
uname -s = Linux
uname -v = #40-Ubuntu SMP Wed May 23 22:20:17 UTC 2012

/usr/bin/uname -p = unknown
/bin/uname -X     = unknown

/bin/arch              = unknown
/usr/bin/arch -k       = unknown
/usr/convex/getsysinfo = unknown
/usr/bin/hostinfo      = unknown
/bin/machine           = unknown
/usr/bin/oslevel       = unknown
/bin/universe          = unknown

PATH: /usr/local/sbin
PATH: /usr/local/bin
PATH: /usr/sbin
PATH: /usr/bin
PATH: /sbin
PATH: /bin
PATH: /usr/games


## ----------- ##
## Core tests. ##
## ----------- ##

configure:2239: checking build system type
configure:2253: result: x86_64-pc-linux-gnu
configure:2273: checking host system type
configure:2286: result: x86_64-pc-linux-gnu
configure:2306: checking target system type
configure:2319: result: x86_64-pc-linux-gnu
configure:2369: checking for a BSD-compatible install
configure:2437: result: /usr/bin/install -c
configure:2448: checking whether build environment is sane
configure:2498: result: yes
configure:2639: checking for a thread-safe mkdir -p
configure:2678: result: /bin/mkdir -p
configure:2691: checking for gawk
configure:2721: result: no
configure:2691: checking for mawk
configure:2707: found /usr/bin/mawk
configure:2718: result: mawk
configure:2729: checking whether make sets $(MAKE)
configure:2751: result: yes
configure:2844: checking for style of include used by make
configure:2872: result: GNU
configure:2943: checking for gcc
configure:2959: found /usr/bin/gcc
configure:2970: result: gcc
configure:3199: checking for C compiler version
configure:3208: gcc --version >&5
gcc (Ubuntu/Linaro 4.6.3-1ubuntu5) 4.6.3
Copyright (C) 2011 Free Software Foundation, Inc.
This is free software; see the source for copying conditions.  There is NO
warranty; not even for MERCHANTABILITY or FITNESS FOR A PARTICULAR PURPOSE.

configure:3219: $? = 0
configure:3208: gcc -v >&5
Using built-in specs.
COLLECT_GCC=gcc
COLLECT_LTO_WRAPPER=/usr/lib/gcc/x86_64-linux-gnu/4.6/lto-wrapper
Target: x86_64-linux-gnu
Configured with: ../src/configure -v --with-pkgversion='Ubuntu/Linaro 4.6.3-1ubuntu5' --with-bugurl=file:///usr/share/doc/gcc-4.6/README.Bugs --enable-languages=c,c++,fortran,objc,obj-c++ --prefix=/usr --program-suffix=-4.6 --enable-shared --enable-linker-build-id --with-system-zlib --libexecdir=/usr/lib --without-included-gettext --enable-threads=posix --with-gxx-include-dir=/usr/include/c++/4.6 --libdir=/usr/lib --enable-nls --with-sysroot=/ --enable-clocale=gnu --enable-libstdcxx-debug --enable-libstdcxx-time=yes --enable-gnu-unique-object --enable-plugin --enable-objc-gc --disable-werror --with-arch-32=i686 --with-tune=generic --enable-checking=release --build=x86_64-linux-gnu --host=x86_64-linux-gnu --target=x86_64-linux-gnu
Thread model: posix
gcc version 4.6.3 (Ubuntu/Linaro 4.6.3-1ubuntu5) 
configure:3219: $? = 0
configure:3208: gcc -V >&5
gcc: error: unrecognized option '-V'
gcc: fatal error: no input files
compilation terminated.
configure:3219: $? = 4
configure:3208: gcc -qversion >&5
gcc: error: unrecognized option '-qversion'
gcc: fatal error: no input files
compilation terminated.
configure:3219: $? = 4
configure:3239: checking whether the C compiler works
configure:3261: gcc -g -O2 -fstack-protector --param=ssp-buffer-size=4 -Wformat -Wformat-security -D_FORTIFY_SOURCE=2 -Wl,-Bsymbolic-functions -Wl,-z,relro conftest.c  >&5
configure:3265: $? = 0
configure:3313: result: yes
configure:3316: checking for C compiler default output file name
configure:3318: result: a.out
configure:3324: checking for suffix of executables
configure:3331: gcc -o conftest -g -O2 -fstack-protector --param=ssp-buffer-size=4 -Wformat -Wformat-security -D_FORTIFY_SOURCE=2 -Wl,-Bsymbolic-functions -Wl,-z,relro conftest.c  >&5
configure:3335: $? = 0
configure:3357: result: 
configure:3379: checking whether we are cross compiling
configure:3387: gcc -o conftest -g -O2 -fstack-protector --param=ssp-buffer-size=4 -Wformat -Wformat-security -D_FORTIFY_SOURCE=2 -Wl,-Bsymbolic-functions -Wl,-z,relro conftest.c  >&5
configure:3391: $? = 0
configure:3398: ./conftest
configure:3402: $? = 0
configure:3417: result: no
configure:3422: checking for suffix of object files
configure:3444: gcc -c -g -O2 -fstack-protector --param=ssp-buffer-size=4 -Wformat -Wformat-security -D_FORTIFY_SOURCE=2 conftest.c >&5
configure:3448: $? = 0
configure:3469: result: o
configure:3473: checking whether we are using the GNU C compiler
configure:3492: gcc -c -g -O2 -fstack-protector --param=ssp-buffer-size=4 -Wformat -Wformat-security -D_FORTIFY_SOURCE=2 conftest.c >&5
configure:3492: $? = 0
configure:3501: result: yes
configure:3510: checking whether gcc accepts -g
configure:3530: gcc -c -g -D_FORTIFY_SOURCE=2 conftest.c >&5
configure:3530: $? = 0
configure:3571: result: yes
configure:3588: checking for gcc option to accept ISO C89
configure:3652: gcc  -c -g -O2 -fstack-protector --param=ssp-buffer-size=4 -Wformat -Wformat-security -D_FORTIFY_SOURCE=2 conftest.c >&5
configure:3652: $? = 0
configure:3665: result: none needed
configure:3687: checking dependency style of gcc
configure:3798: result: none
configure:3819: checking how to run the C preprocessor
configure:3850: gcc -E -D_FORTIFY_SOURCE=2 conftest.c
configure:3850: $? = 0
configure:3864: gcc -E -D_FORTIFY_SOURCE=2 conftest.c
conftest.c:11:28: fatal error: ac_nonexistent.h: No such file or directory
compilation terminated.
configure:3864: $? = 1
configure: failed program was:
| /* confdefs.h */
| #define PACKAGE_NAME "libvmod-ipcast"
| #define PACKAGE_TARNAME "libvmod-ipcast"
| #define PACKAGE_VERSION "trunk"
| #define PACKAGE_STRING "libvmod-ipcast trunk"
| #define PACKAGE_BUGREPORT ""
| #define PACKAGE_URL ""
| #define PACKAGE "libvmod-ipcast"
| #define VERSION "trunk"
| /* end confdefs.h.  */
| #include <ac_nonexistent.h>
configure:3889: result: gcc -E
configure:3909: gcc -E -D_FORTIFY_SOURCE=2 conftest.c
configure:3909: $? = 0
configure:3923: gcc -E -D_FORTIFY_SOURCE=2 conftest.c
conftest.c:11:28: fatal error: ac_nonexistent.h: No such file or directory
compilation terminated.
configure:3923: $? = 1
configure: failed program was:
| /* confdefs.h */
| #define PACKAGE_NAME "libvmod-ipcast"
| #define PACKAGE_TARNAME "libvmod-ipcast"
| #define PACKAGE_VERSION "trunk"
| #define PACKAGE_STRING "libvmod-ipcast trunk"
| #define PACKAGE_BUGREPORT ""
| #define PACKAGE_URL ""
| #define PACKAGE "libvmod-ipcast"
| #define VERSION "trunk"
| /* end confdefs.h.  */
| #include <ac_nonexistent.h>
configure:3952: checking for grep that handles long lines and -e
configure:4010: result: /bin/grep
configure:4015: checking for egrep
configure:4077: result: /bin/grep -E
configure:4082: checking for ANSI C header files
configure:4102: gcc -c -g -O2 -fstack-protector --param=ssp-buffer-size=4 -Wformat -Wformat-security -D_FORTIFY_SOURCE=2 conftest.c >&5
configure:4102: $? = 0
configure:4175: gcc -o conftest -g -O2 -fstack-protector --param=ssp-buffer-size=4 -Wformat -Wformat-security -D_FORTIFY_SOURCE=2 -Wl,-Bsymbolic-functions -Wl,-z,relro conftest.c  >&5
configure:4175: $? = 0
configure:4175: ./conftest
configure:4175: $? = 0
configure:4186: result: yes
configure:4199: checking for sys/types.h
configure:4199: gcc -c -g -O2 -fstack-protector --param=ssp-buffer-size=4 -Wformat -Wformat-security -D_FORTIFY_SOURCE=2 conftest.c >&5
configure:4199: $? = 0
configure:4199: result: yes
configure:4199: checking for sys/stat.h
configure:4199: gcc -c -g -O2 -fstack-protector --param=ssp-buffer-size=4 -Wformat -Wformat-security -D_FORTIFY_SOURCE=2 conftest.c >&5
configure:4199: $? = 0
configure:4199: result: yes
configure:4199: checking for stdlib.h
configure:4199: gcc -c -g -O2 -fstack-protector --param=ssp-buffer-size=4 -Wformat -Wformat-security -D_FORTIFY_SOURCE=2 conftest.c >&5
configure:4199: $? = 0
configure:4199: result: yes
configure:4199: checking for string.h
configure:4199: gcc -c -g -O2 -fstack-protector --param=ssp-buffer-size=4 -Wformat -Wformat-security -D_FORTIFY_SOURCE=2 conftest.c >&5
configure:4199: $? = 0
configure:4199: result: yes
configure:4199: checking for memory.h
configure:4199: gcc -c -g -O2 -fstack-protector --param=ssp-buffer-size=4 -Wformat -Wformat-security -D_FORTIFY_SOURCE=2 conftest.c >&5
configure:4199: $? = 0
configure:4199: result: yes
configure:4199: checking for strings.h
configure:4199: gcc -c -g -O2 -fstack-protector --param=ssp-buffer-size=4 -Wformat -Wformat-security -D_FORTIFY_SOURCE=2 conftest.c >&5
configure:4199: $? = 0
configure:4199: result: yes
configure:4199: checking for inttypes.h
configure:4199: gcc -c -g -O2 -fstack-protector --param=ssp-buffer-size=4 -Wformat -Wformat-security -D_FORTIFY_SOURCE=2 conftest.c >&5
configure:4199: $? = 0
configure:4199: result: yes
configure:4199: checking for stdint.h
configure:4199: gcc -c -g -O2 -fstack-protector --param=ssp-buffer-size=4 -Wformat -Wformat-security -D_FORTIFY_SOURCE=2 conftest.c >&5
configure:4199: $? = 0
configure:4199: result: yes
configure:4199: checking for unistd.h
configure:4199: gcc -c -g -O2 -fstack-protector --param=ssp-buffer-size=4 -Wformat -Wformat-security -D_FORTIFY_SOURCE=2 conftest.c >&5
configure:4199: $? = 0
configure:4199: result: yes
configure:4212: checking minix/config.h usability
configure:4212: gcc -c -g -O2 -fstack-protector --param=ssp-buffer-size=4 -Wformat -Wformat-security -D_FORTIFY_SOURCE=2 conftest.c >&5
conftest.c:54:26: fatal error: minix/config.h: No such file or directory
compilation terminated.
configure:4212: $? = 1
configure: failed program was:
| /* confdefs.h */
| #define PACKAGE_NAME "libvmod-ipcast"
| #define PACKAGE_TARNAME "libvmod-ipcast"
| #define PACKAGE_VERSION "trunk"
| #define PACKAGE_STRING "libvmod-ipcast trunk"
| #define PACKAGE_BUGREPORT ""
| #define PACKAGE_URL ""
| #define PACKAGE "libvmod-ipcast"
| #define VERSION "trunk"
| #define STDC_HEADERS 1
| #define HAVE_SYS_TYPES_H 1
| #define HAVE_SYS_STAT_H 1
| #define HAVE_STDLIB_H 1
| #define HAVE_STRING_H 1
| #define HAVE_MEMORY_H 1
| #define HAVE_STRINGS_H 1
| #define HAVE_INTTYPES_H 1
| #define HAVE_STDINT_H 1
| #define HAVE_UNISTD_H 1
| /* end confdefs.h.  */
| #include <stdio.h>
| #ifdef HAVE_SYS_TYPES_H
| # include <sys/types.h>
| #endif
| #ifdef HAVE_SYS_STAT_H
| # include <sys/stat.h>
| #endif
| #ifdef STDC_HEADERS
| # include <stdlib.h>
| # include <stddef.h>
| #else
| # ifdef HAVE_STDLIB_H
| #  include <stdlib.h>
| # endif
| #endif
| #ifdef HAVE_STRING_H
| # if !defined STDC_HEADERS && defined HAVE_MEMORY_H
| #  include <memory.h>
| # endif
| # include <string.h>
| #endif
| #ifdef HAVE_STRINGS_H
| # include <strings.h>
| #endif
| #ifdef HAVE_INTTYPES_H
| # include <inttypes.h>
| #endif
| #ifdef HAVE_STDINT_H
| # include <stdint.h>
| #endif
| #ifdef HAVE_UNISTD_H
| # include <unistd.h>
| #endif
| #include <minix/config.h>
configure:4212: result: no
configure:4212: checking minix/config.h presence
configure:4212: gcc -E -D_FORTIFY_SOURCE=2 conftest.c
conftest.c:21:26: fatal error: minix/config.h: No such file or directory
compilation terminated.
configure:4212: $? = 1
configure: failed program was:
| /* confdefs.h */
| #define PACKAGE_NAME "libvmod-ipcast"
| #define PACKAGE_TARNAME "libvmod-ipcast"
| #define PACKAGE_VERSION "trunk"
| #define PACKAGE_STRING "libvmod-ipcast trunk"
| #define PACKAGE_BUGREPORT ""
| #define PACKAGE_URL ""
| #define PACKAGE "libvmod-ipcast"
| #define VERSION "trunk"
| #define STDC_HEADERS 1
| #define HAVE_SYS_TYPES_H 1
| #define HAVE_SYS_STAT_H 1
| #define HAVE_STDLIB_H 1
| #define HAVE_STRING_H 1
| #define HAVE_MEMORY_H 1
| #define HAVE_STRINGS_H 1
| #define HAVE_INTTYPES_H 1
| #define HAVE_STDINT_H 1
| #define HAVE_UNISTD_H 1
| /* end confdefs.h.  */
| #include <minix/config.h>
configure:4212: result: no
configure:4212: checking for minix/config.h
configure:4212: result: no
configure:4233: checking whether it is safe to define __EXTENSIONS__
configure:4251: gcc -c -g -O2 -fstack-protector --param=ssp-buffer-size=4 -Wformat -Wformat-security -D_FORTIFY_SOURCE=2 conftest.c >&5
configure:4251: $? = 0
configure:4258: result: yes
configure:4321: checking for gcc
configure:4348: result: gcc
configure:4577: checking for C compiler version
configure:4586: gcc --version >&5
gcc (Ubuntu/Linaro 4.6.3-1ubuntu5) 4.6.3
Copyright (C) 2011 Free Software Foundation, Inc.
This is free software; see the source for copying conditions.  There is NO
warranty; not even for MERCHANTABILITY or FITNESS FOR A PARTICULAR PURPOSE.

configure:4597: $? = 0
configure:4586: gcc -v >&5
Using built-in specs.
COLLECT_GCC=gcc
COLLECT_LTO_WRAPPER=/usr/lib/gcc/x86_64-linux-gnu/4.6/lto-wrapper
Target: x86_64-linux-gnu
Configured with: ../src/configure -v --with-pkgversion='Ubuntu/Linaro 4.6.3-1ubuntu5' --with-bugurl=file:///usr/share/doc/gcc-4.6/README.Bugs --enable-languages=c,c++,fortran,objc,obj-c++ --prefix=/usr --program-suffix=-4.6 --enable-shared --enable-linker-build-id --with-system-zlib --libexecdir=/usr/lib --without-included-gettext --enable-threads=posix --with-gxx-include-dir=/usr/include/c++/4.6 --libdir=/usr/lib --enable-nls --with-sysroot=/ --enable-clocale=gnu --enable-libstdcxx-debug --enable-libstdcxx-time=yes --enable-gnu-unique-object --enable-plugin --enable-objc-gc --disable-werror --with-arch-32=i686 --with-tune=generic --enable-checking=release --build=x86_64-linux-gnu --host=x86_64-linux-gnu --target=x86_64-linux-gnu
Thread model: posix
gcc version 4.6.3 (Ubuntu/Linaro 4.6.3-1ubuntu5) 
configure:4597: $? = 0
configure:4586: gcc -V >&5
gcc: error: unrecognized option '-V'
gcc: fatal error: no input files
compilation terminated.
configure:4597: $? = 4
configure:4586: gcc -qversion >&5
gcc: error: unrecognized option '-qversion'
gcc: fatal error: no input files
compilation terminated.
configure:4597: $? = 4
configure:4601: checking whether we are using the GNU C compiler
configure:4629: result: yes
configure:4638: checking whether gcc accepts -g
configure:4699: result: yes
configure:4716: checking for gcc option to accept ISO C89
configure:4793: result: none needed
configure:4815: checking dependency style of gcc
configure:4926: result: none
configure:4945: checking for gcc option to accept ISO C99
configure:5094: gcc  -c -g -O2 -fstack-protector --param=ssp-buffer-size=4 -Wformat -Wformat-security -D_FORTIFY_SOURCE=2 conftest.c >&5
conftest.c:76:29: error: expected ';', ',' or ')' before 'text'
conftest.c: In function 'main':
conftest.c:130:18: error: expected '=', ',', ';', 'asm' or '__attribute__' before 'newvar'
conftest.c:130:18: error: 'newvar' undeclared (first use in this function)
conftest.c:130:18: note: each undeclared identifier is reported only once for each function it appears in
conftest.c:140:3: error: 'for' loop initial declarations are only allowed in C99 mode
conftest.c:140:3: note: use option -std=c99 or -std=gnu99 to compile your code
configure:5094: $? = 1
configure: failed program was:
| /* confdefs.h */
| #define PACKAGE_NAME "libvmod-ipcast"
| #define PACKAGE_TARNAME "libvmod-ipcast"
| #define PACKAGE_VERSION "trunk"
| #define PACKAGE_STRING "libvmod-ipcast trunk"
| #define PACKAGE_BUGREPORT ""
| #define PACKAGE_URL ""
| #define PACKAGE "libvmod-ipcast"
| #define VERSION "trunk"
| #define STDC_HEADERS 1
| #define HAVE_SYS_TYPES_H 1
| #define HAVE_SYS_STAT_H 1
| #define HAVE_STDLIB_H 1
| #define HAVE_STRING_H 1
| #define HAVE_MEMORY_H 1
| #define HAVE_STRINGS_H 1
| #define HAVE_INTTYPES_H 1
| #define HAVE_STDINT_H 1
| #define HAVE_UNISTD_H 1
| #define __EXTENSIONS__ 1
| #define _ALL_SOURCE 1
| #define _GNU_SOURCE 1
| #define _POSIX_PTHREAD_SEMANTICS 1
| #define _TANDEM_SOURCE 1
| /* end confdefs.h.  */
| #include <stdarg.h>
| #include <stdbool.h>
| #include <stdlib.h>
| #include <wchar.h>
| #include <stdio.h>
| 
| // Check varargs macros.  These examples are taken from C99 6.10.3.5.
| #define debug(...) fprintf (stderr, __VA_ARGS__)
| #define showlist(...) puts (#__VA_ARGS__)
| #define report(test,...) ((test) ? puts (#test) : printf (__VA_ARGS__))
| static void
| test_varargs_macros (void)
| {
|   int x = 1234;
|   int y = 5678;
|   debug ("Flag");
|   debug ("X = %d\n", x);
|   showlist (The first, second, and third items.);
|   report (x>y, "x is %d but y is %d", x, y);
| }
| 
| // Check long long types.
| #define BIG64 18446744073709551615ull
| #define BIG32 4294967295ul
| #define BIG_OK (BIG64 / BIG32 == 4294967297ull && BIG64 % BIG32 == 0)
| #if !BIG_OK
|   your preprocessor is broken;
| #endif
| #if BIG_OK
| #else
|   your preprocessor is broken;
| #endif
| static long long int bignum = -9223372036854775807LL;
| static unsigned long long int ubignum = BIG64;
| 
| struct incomplete_array
| {
|   int datasize;
|   double data[];
| };
| 
| struct named_init {
|   int number;
|   const wchar_t *name;
|   double average;
| };
| 
| typedef const char *ccp;
| 
| static inline int
| test_restrict (ccp restrict text)
| {
|   // See if C++-style comments work.
|   // Iterate through items via the restricted pointer.
|   // Also check for declarations in for loops.
|   for (unsigned int i = 0; *(text+i) != '\0'; ++i)
|     continue;
|   return 0;
| }
| 
| // Check varargs and va_copy.
| static void
| test_varargs (const char *format, ...)
| {
|   va_list args;
|   va_start (args, format);
|   va_list args_copy;
|   va_copy (args_copy, args);
| 
|   const char *str;
|   int number;
|   float fnumber;
| 
|   while (*format)
|     {
|       switch (*format++)
| 	{
| 	case 's': // string
| 	  str = va_arg (args_copy, const char *);
| 	  break;
| 	case 'd': // int
| 	  number = va_arg (args_copy, int);
| 	  break;
| 	case 'f': // float
| 	  fnumber = va_arg (args_copy, double);
| 	  break;
| 	default:
| 	  break;
| 	}
|     }
|   va_end (args_copy);
|   va_end (args);
| }
| 
| int
| main ()
| {
| 
|   // Check bool.
|   _Bool success = false;
| 
|   // Check restrict.
|   if (test_restrict ("String literal") == 0)
|     success = true;
|   char *restrict newvar = "Another string";
| 
|   // Check varargs.
|   test_varargs ("s, d' f .", "string", 65, 34.234);
|   test_varargs_macros ();
| 
|   // Check flexible array members.
|   struct incomplete_array *ia =
|     malloc (sizeof (struct incomplete_array) + (sizeof (double) * 10));
|   ia->datasize = 10;
|   for (int i = 0; i < ia->datasize; ++i)
|     ia->data[i] = i * 1.234;
| 
|   // Check named initializers.
|   struct named_init ni = {
|     .number = 34,
|     .name = L"Test wide string",
|     .average = 543.34343,
|   };
| 
|   ni.number = 58;
| 
|   int dynamic_array[ni.number];
|   dynamic_array[ni.number - 1] = 543;
| 
|   // work around unused variable warnings
|   return (!success || bignum == 0LL || ubignum == 0uLL || newvar[0] == 'x'
| 	  || dynamic_array[ni.number - 1] != 543);
| 
|   ;
|   return 0;
| }
configure:5094: gcc -std=gnu99 -c -g -O2 -fstack-protector --param=ssp-buffer-size=4 -Wformat -Wformat-security -D_FORTIFY_SOURCE=2 conftest.c >&5
configure:5094: $? = 0
configure:5114: result: -std=gnu99
configure:5216: checking for gcc -std=gnu99 option to accept ISO Standard C
configure:5230: result: -std=gnu99
configure:5242: checking how to run the C preprocessor
configure:5312: result: gcc -E
configure:5332: gcc -E -D_FORTIFY_SOURCE=2 conftest.c
configure:5332: $? = 0
configure:5346: gcc -E -D_FORTIFY_SOURCE=2 conftest.c
conftest.c:26:28: fatal error: ac_nonexistent.h: No such file or directory
compilation terminated.
configure:5346: $? = 1
configure: failed program was:
| /* confdefs.h */
| #define PACKAGE_NAME "libvmod-ipcast"
| #define PACKAGE_TARNAME "libvmod-ipcast"
| #define PACKAGE_VERSION "trunk"
| #define PACKAGE_STRING "libvmod-ipcast trunk"
| #define PACKAGE_BUGREPORT ""
| #define PACKAGE_URL ""
| #define PACKAGE "libvmod-ipcast"
| #define VERSION "trunk"
| #define STDC_HEADERS 1
| #define HAVE_SYS_TYPES_H 1
| #define HAVE_SYS_STAT_H 1
| #define HAVE_STDLIB_H 1
| #define HAVE_STRING_H 1
| #define HAVE_MEMORY_H 1
| #define HAVE_STRINGS_H 1
| #define HAVE_INTTYPES_H 1
| #define HAVE_STDINT_H 1
| #define HAVE_UNISTD_H 1
| #define __EXTENSIONS__ 1
| #define _ALL_SOURCE 1
| #define _GNU_SOURCE 1
| #define _POSIX_PTHREAD_SEMANTICS 1
| #define _TANDEM_SOURCE 1
| /* end confdefs.h.  */
| #include <ac_nonexistent.h>
configure:5422: checking how to print strings
configure:5449: result: printf
configure:5470: checking for a sed that does not truncate output
configure:5534: result: /bin/sed
configure:5552: checking for fgrep
configure:5614: result: /bin/grep -F
configure:5649: checking for ld used by gcc -std=gnu99
configure:5716: result: /usr/bin/ld
configure:5723: checking if the linker (/usr/bin/ld) is GNU ld
configure:5738: result: yes
configure:5750: checking for BSD- or MS-compatible name lister (nm)
configure:5799: result: /usr/bin/nm -B
configure:5929: checking the name lister (/usr/bin/nm -B) interface
configure:5936: gcc -std=gnu99 -c -g -O2 -fstack-protector --param=ssp-buffer-size=4 -Wformat -Wformat-security -D_FORTIFY_SOURCE=2 conftest.c >&5
configure:5939: /usr/bin/nm -B "conftest.o"
configure:5942: output
0000000000000000 B some_variable
configure:5949: result: BSD nm
configure:5952: checking whether ln -s works
configure:5956: result: yes
configure:5964: checking the maximum length of command line arguments
configure:6094: result: 3458764513820540925
configure:6111: checking whether the shell understands some XSI constructs
configure:6121: result: yes
configure:6125: checking whether the shell understands "+="
configure:6131: result: yes
configure:6166: checking how to convert x86_64-pc-linux-gnu file names to x86_64-pc-linux-gnu format
configure:6206: result: func_convert_file_noop
configure:6213: checking how to convert x86_64-pc-linux-gnu file names to toolchain format
configure:6233: result: func_convert_file_noop
configure:6240: checking for /usr/bin/ld option to reload object files
configure:6247: result: -r
configure:6321: checking for objdump
configure:6337: found /usr/bin/objdump
configure:6348: result: objdump
configure:6380: checking how to recognize dependent libraries
configure:6582: result: pass_all
configure:6667: checking for dlltool
configure:6697: result: no
configure:6727: checking how to associate runtime and link libraries
configure:6754: result: printf %s\n
configure:6814: checking for ar
configure:6830: found /usr/bin/ar
configure:6841: result: ar
configure:6878: checking for archiver @FILE support
configure:6895: gcc -std=gnu99 -c -g -O2 -fstack-protector --param=ssp-buffer-size=4 -Wformat -Wformat-security -D_FORTIFY_SOURCE=2 conftest.c >&5
configure:6895: $? = 0
configure:6898: ar cru libconftest.a @conftest.lst >&5
configure:6901: $? = 0
configure:6906: ar cru libconftest.a @conftest.lst >&5
ar: conftest.o: No such file or directory
configure:6909: $? = 1
configure:6921: result: @
configure:6979: checking for strip
configure:6995: found /usr/bin/strip
configure:7006: result: strip
configure:7078: checking for ranlib
configure:7094: found /usr/bin/ranlib
configure:7105: result: ranlib
configure:7207: checking command to parse /usr/bin/nm -B output from gcc -std=gnu99 object
configure:7327: gcc -std=gnu99 -c -g -O2 -fstack-protector --param=ssp-buffer-size=4 -Wformat -Wformat-security -D_FORTIFY_SOURCE=2 conftest.c >&5
configure:7330: $? = 0
configure:7334: /usr/bin/nm -B conftest.o \| sed -n -e 's/^.*[ ]\([ABCDGIRSTW][ABCDGIRSTW]*\)[ ][ ]*\([_A-Za-z][_A-Za-z0-9]*\)$/\1 \2 \2/p' | sed '/ __gnu_lto/d' \> conftest.nm
configure:7337: $? = 0
configure:7403: gcc -std=gnu99 -o conftest -g -O2 -fstack-protector --param=ssp-buffer-size=4 -Wformat -Wformat-security -D_FORTIFY_SOURCE=2 -Wl,-Bsymbolic-functions -Wl,-z,relro conftest.c conftstm.o >&5
configure:7406: $? = 0
configure:7444: result: ok
configure:7481: checking for sysroot
configure:7511: result: no
configure:7588: gcc -std=gnu99 -c -g -O2 -fstack-protector --param=ssp-buffer-size=4 -Wformat -Wformat-security -D_FORTIFY_SOURCE=2 conftest.c >&5
configure:7591: $? = 0
configure:7767: checking for mt
configure:7783: found /bin/mt
configure:7794: result: mt
configure:7817: checking if mt is a manifest tool
configure:7823: mt '-?'
configure:7831: result: no
configure:8470: checking for dlfcn.h
configure:8470: gcc -std=gnu99 -c -g -O2 -fstack-protector --param=ssp-buffer-size=4 -Wformat -Wformat-security -D_FORTIFY_SOURCE=2 conftest.c >&5
configure:8470: $? = 0
configure:8470: result: yes
configure:8676: checking for objdir
configure:8691: result: .libs
configure:8958: checking if gcc -std=gnu99 supports -fno-rtti -fno-exceptions
configure:8976: gcc -std=gnu99 -c -g -O2 -fstack-protector --param=ssp-buffer-size=4 -Wformat -Wformat-security -D_FORTIFY_SOURCE=2 -fno-rtti -fno-exceptions conftest.c >&5
cc1: warning: command line option '-fno-rtti' is valid for C++/ObjC++ but not for C [enabled by default]
configure:8980: $? = 0
configure:8993: result: no
configure:9320: checking for gcc -std=gnu99 option to produce PIC
configure:9327: result: -fPIC -DPIC
configure:9335: checking if gcc -std=gnu99 PIC flag -fPIC -DPIC works
configure:9353: gcc -std=gnu99 -c -g -O2 -fstack-protector --param=ssp-buffer-size=4 -Wformat -Wformat-security -D_FORTIFY_SOURCE=2 -fPIC -DPIC -DPIC conftest.c >&5
configure:9357: $? = 0
configure:9370: result: yes
configure:9399: checking if gcc -std=gnu99 static flag -static works
configure:9427: result: yes
configure:9442: checking if gcc -std=gnu99 supports -c -o file.o
configure:9463: gcc -std=gnu99 -c -g -O2 -fstack-protector --param=ssp-buffer-size=4 -Wformat -Wformat-security -D_FORTIFY_SOURCE=2 -o out/conftest2.o conftest.c >&5
configure:9467: $? = 0
configure:9489: result: yes
configure:9497: checking if gcc -std=gnu99 supports -c -o file.o
configure:9544: result: yes
configure:9577: checking whether the gcc -std=gnu99 linker (/usr/bin/ld -m elf_x86_64) supports shared libraries
configure:10734: result: yes
configure:10771: checking whether -lc should be explicitly linked in
configure:10779: gcc -std=gnu99 -c -g -O2 -fstack-protector --param=ssp-buffer-size=4 -Wformat -Wformat-security -D_FORTIFY_SOURCE=2 conftest.c >&5
configure:10782: $? = 0
configure:10797: gcc -std=gnu99 -shared  -fPIC -DPIC conftest.o  -v -Wl,-soname -Wl,conftest -o conftest 2\>\&1 \| /bin/grep  -lc  \>/dev/null 2\>\&1
configure:10800: $? = 0
configure:10814: result: no
configure:10974: checking dynamic linker characteristics
configure:11485: gcc -std=gnu99 -o conftest -g -O2 -fstack-protector --param=ssp-buffer-size=4 -Wformat -Wformat-security -D_FORTIFY_SOURCE=2 -Wl,-Bsymbolic-functions -Wl,-z,relro -Wl,-rpath -Wl,/foo conftest.c  >&5
configure:11485: $? = 0
configure:11719: result: GNU/Linux ld.so
configure:11826: checking how to hardcode library paths into programs
configure:11851: result: immediate
configure:12391: checking whether stripping libraries is possible
configure:12396: result: yes
configure:12431: checking if libtool supports shared libraries
configure:12433: result: yes
configure:12436: checking whether to build shared libraries
configure:12457: result: yes
configure:12460: checking whether to build static libraries
configure:12464: result: yes
configure:12501: checking whether make sets $(MAKE)
configure:12523: result: yes
configure:12538: checking for rst2man
configure:12554: found /usr/bin/rst2man
configure:12565: result: rst2man
configure:12645: checking for pkg-config
configure:12663: found /usr/bin/pkg-config
configure:12675: result: /usr/bin/pkg-config
configure:12700: checking pkg-config is at least version 0.9.0
configure:12703: result: yes
configure:12713: checking for ANSI C header files
configure:12817: result: yes
configure:12827: checking sys/stdlib.h usability
configure:12827: gcc -std=gnu99 -c -g -O2 -fstack-protector --param=ssp-buffer-size=4 -Wformat -Wformat-security -D_FORTIFY_SOURCE=2 conftest.c >&5
conftest.c:62:24: fatal error: sys/stdlib.h: No such file or directory
compilation terminated.
configure:12827: $? = 1
configure: failed program was:
| /* confdefs.h */
| #define PACKAGE_NAME "libvmod-ipcast"
| #define PACKAGE_TARNAME "libvmod-ipcast"
| #define PACKAGE_VERSION "trunk"
| #define PACKAGE_STRING "libvmod-ipcast trunk"
| #define PACKAGE_BUGREPORT ""
| #define PACKAGE_URL ""
| #define PACKAGE "libvmod-ipcast"
| #define VERSION "trunk"
| #define STDC_HEADERS 1
| #define HAVE_SYS_TYPES_H 1
| #define HAVE_SYS_STAT_H 1
| #define HAVE_STDLIB_H 1
| #define HAVE_STRING_H 1
| #define HAVE_MEMORY_H 1
| #define HAVE_STRINGS_H 1
| #define HAVE_INTTYPES_H 1
| #define HAVE_STDINT_H 1
| #define HAVE_UNISTD_H 1
| #define __EXTENSIONS__ 1
| #define _ALL_SOURCE 1
| #define _GNU_SOURCE 1
| #define _POSIX_PTHREAD_SEMANTICS 1
| #define _TANDEM_SOURCE 1
| #define HAVE_DLFCN_H 1
| #define LT_OBJDIR ".libs/"
| #define STDC_HEADERS 1
| /* end confdefs.h.  */
| #include <stdio.h>
| #ifdef HAVE_SYS_TYPES_H
| # include <sys/types.h>
| #endif
| #ifdef HAVE_SYS_STAT_H
| # include <sys/stat.h>
| #endif
| #ifdef STDC_HEADERS
| # include <stdlib.h>
| # include <stddef.h>
| #else
| # ifdef HAVE_STDLIB_H
| #  include <stdlib.h>
| # endif
| #endif
| #ifdef HAVE_STRING_H
| # if !defined STDC_HEADERS && defined HAVE_MEMORY_H
| #  include <memory.h>
| # endif
| # include <string.h>
| #endif
| #ifdef HAVE_STRINGS_H
| # include <strings.h>
| #endif
| #ifdef HAVE_INTTYPES_H
| # include <inttypes.h>
| #endif
| #ifdef HAVE_STDINT_H
| # include <stdint.h>
| #endif
| #ifdef HAVE_UNISTD_H
| # include <unistd.h>
| #endif
| #include <sys/stdlib.h>
configure:12827: result: no
configure:12827: checking sys/stdlib.h presence
configure:12827: gcc -E -D_FORTIFY_SOURCE=2 conftest.c
conftest.c:29:24: fatal error: sys/stdlib.h: No such file or directory
compilation terminated.
configure:12827: $? = 1
configure: failed program was:
| /* confdefs.h */
| #define PACKAGE_NAME "libvmod-ipcast"
| #define PACKAGE_TARNAME "libvmod-ipcast"
| #define PACKAGE_VERSION "trunk"
| #define PACKAGE_STRING "libvmod-ipcast trunk"
| #define PACKAGE_BUGREPORT ""
| #define PACKAGE_URL ""
| #define PACKAGE "libvmod-ipcast"
| #define VERSION "trunk"
| #define STDC_HEADERS 1
| #define HAVE_SYS_TYPES_H 1
| #define HAVE_SYS_STAT_H 1
| #define HAVE_STDLIB_H 1
| #define HAVE_STRING_H 1
| #define HAVE_MEMORY_H 1
| #define HAVE_STRINGS_H 1
| #define HAVE_INTTYPES_H 1
| #define HAVE_STDINT_H 1
| #define HAVE_UNISTD_H 1
| #define __EXTENSIONS__ 1
| #define _ALL_SOURCE 1
| #define _GNU_SOURCE 1
| #define _POSIX_PTHREAD_SEMANTICS 1
| #define _TANDEM_SOURCE 1
| #define HAVE_DLFCN_H 1
| #define LT_OBJDIR ".libs/"
| #define STDC_HEADERS 1
| /* end confdefs.h.  */
| #include <sys/stdlib.h>
configure:12827: result: no
configure:12827: checking for sys/stdlib.h
configure:12827: result: no
configure:12843: checking for python3
configure:12873: result: no
configure:12843: checking for python3.1
configure:12873: result: no
configure:12843: checking for python3.2
configure:12873: result: no
configure:12843: checking for python2.7
configure:12859: found /usr/bin/python2.7
configure:12870: result: python2.7
configure:12890: checking for /home/reprepro/varnish-3.0.2/include/varnishapi.h
configure:12904: result: yes
configure:12919: checking for /home/reprepro/varnish-3.0.2/bin/varnishtest/varnishtest
configure:12933: result: yes
configure:13098: creating ./config.status

## ---------------------- ##
## Running config.status. ##
## ---------------------- ##

This file was extended by libvmod-ipcast config.status trunk, which was
generated by GNU Autoconf 2.68.  Invocation command line was

  CONFIG_FILES    = 
  CONFIG_HEADERS  = 
  CONFIG_LINKS    = 
  CONFIG_COMMANDS = 
  $ ./config.status 

on apt-repo

config.status:1108: creating Makefile
config.status:1108: creating src/Makefile
config.status:1108: creating config.h
config.status:1337: executing depfiles commands
config.status:1337: executing libtool commands
configure:15333: WARNING: unrecognized options: --disable-maintainer-mode

## ---------------- ##
## Cache variables. ##
## ---------------- ##

ac_cv_build=x86_64-pc-linux-gnu
ac_cv_c_compiler_gnu=yes
ac_cv_env_CC_set=
ac_cv_env_CC_value=
ac_cv_env_CFLAGS_set=set
ac_cv_env_CFLAGS_value='-g -O2 -fstack-protector --param=ssp-buffer-size=4 -Wformat -Wformat-security'
ac_cv_env_CPPFLAGS_set=set
ac_cv_env_CPPFLAGS_value=-D_FORTIFY_SOURCE=2
ac_cv_env_CPP_set=
ac_cv_env_CPP_value=
ac_cv_env_LDFLAGS_set=set
ac_cv_env_LDFLAGS_value='-Wl,-Bsymbolic-functions -Wl,-z,relro'
ac_cv_env_LIBS_set=
ac_cv_env_LIBS_value=
ac_cv_env_PKG_CONFIG_LIBDIR_set=
ac_cv_env_PKG_CONFIG_LIBDIR_value=
ac_cv_env_PKG_CONFIG_PATH_set=
ac_cv_env_PKG_CONFIG_PATH_value=
ac_cv_env_PKG_CONFIG_set=
ac_cv_env_PKG_CONFIG_value=
ac_cv_env_VARNISHSRC_set=set
ac_cv_env_VARNISHSRC_value=/home/reprepro/varnish-3.0.2
ac_cv_env_VMODDIR_set=set
ac_cv_env_VMODDIR_value=/usr/lib/varnish/vmods
ac_cv_env_build_alias_set=set
ac_cv_env_build_alias_value=x86_64-linux-gnu
ac_cv_env_host_alias_set=
ac_cv_env_host_alias_value=
ac_cv_env_target_alias_set=
ac_cv_env_target_alias_value=
ac_cv_file__home_reprepro_varnish_3_0_2_bin_varnishtest_varnishtest=yes
ac_cv_file__home_reprepro_varnish_3_0_2_include_varnishapi_h=yes
ac_cv_header_dlfcn_h=yes
ac_cv_header_inttypes_h=yes
ac_cv_header_memory_h=yes
ac_cv_header_minix_config_h=no
ac_cv_header_stdc=yes
ac_cv_header_stdint_h=yes
ac_cv_header_stdlib_h=yes
ac_cv_header_string_h=yes
ac_cv_header_strings_h=yes
ac_cv_header_sys_stat_h=yes
ac_cv_header_sys_stdlib_h=no
ac_cv_header_sys_types_h=yes
ac_cv_header_unistd_h=yes
ac_cv_host=x86_64-pc-linux-gnu
ac_cv_objext=o
ac_cv_path_EGREP='/bin/grep -E'
ac_cv_path_FGREP='/bin/grep -F'
ac_cv_path_GREP=/bin/grep
ac_cv_path_SED=/bin/sed
ac_cv_path_ac_pt_PKG_CONFIG=/usr/bin/pkg-config
ac_cv_path_install='/usr/bin/install -c'
ac_cv_path_mkdir=/bin/mkdir
ac_cv_prog_AWK=mawk
ac_cv_prog_CPP='gcc -E'
ac_cv_prog_PYTHON=python2.7
ac_cv_prog_RST2MAN=rst2man
ac_cv_prog_ac_ct_AR=ar
ac_cv_prog_ac_ct_CC=gcc
ac_cv_prog_ac_ct_MANIFEST_TOOL=mt
ac_cv_prog_ac_ct_OBJDUMP=objdump
ac_cv_prog_ac_ct_RANLIB=ranlib
ac_cv_prog_ac_ct_STRIP=strip
ac_cv_prog_cc_c89=
ac_cv_prog_cc_c99=-std=gnu99
ac_cv_prog_cc_g=yes
ac_cv_prog_cc_stdc=-std=gnu99
ac_cv_prog_make_make_set=yes
ac_cv_safe_to_define___extensions__=yes
ac_cv_target=x86_64-pc-linux-gnu
am_cv_CC_dependencies_compiler_type=none
lt_cv_ar_at_file=@
lt_cv_archive_cmds_need_lc=no
lt_cv_deplibs_check_method=pass_all
lt_cv_file_magic_cmd='$MAGIC_CMD'
lt_cv_file_magic_test_file=
lt_cv_ld_reload_flag=-r
lt_cv_nm_interface='BSD nm'
lt_cv_objdir=.libs
lt_cv_path_LD=/usr/bin/ld
lt_cv_path_NM='/usr/bin/nm -B'
lt_cv_path_mainfest_tool=no
lt_cv_prog_compiler_c_o=yes
lt_cv_prog_compiler_pic='-fPIC -DPIC'
lt_cv_prog_compiler_pic_works=yes
lt_cv_prog_compiler_rtti_exceptions=no
lt_cv_prog_compiler_static_works=yes
lt_cv_prog_gnu_ld=yes
lt_cv_sharedlib_from_linklib_cmd='printf %s\n'
lt_cv_shlibpath_overrides_runpath=no
lt_cv_sys_global_symbol_pipe='sed -n -e '\''s/^.*[	 ]\([ABCDGIRSTW][ABCDGIRSTW]*\)[	 ][	 ]*\([_A-Za-z][_A-Za-z0-9]*\)$/\1 \2 \2/p'\'' | sed '\''/ __gnu_lto/d'\'''
lt_cv_sys_global_symbol_to_c_name_address='sed -n -e '\''s/^: \([^ ]*\)[ ]*$/  {\"\1\", (void *) 0},/p'\'' -e '\''s/^[ABCDGIRSTW]* \([^ ]*\) \([^ ]*\)$/  {"\2", (void *) \&\2},/p'\'''
lt_cv_sys_global_symbol_to_c_name_address_lib_prefix='sed -n -e '\''s/^: \([^ ]*\)[ ]*$/  {\"\1\", (void *) 0},/p'\'' -e '\''s/^[ABCDGIRSTW]* \([^ ]*\) \(lib[^ ]*\)$/  {"\2", (void *) \&\2},/p'\'' -e '\''s/^[ABCDGIRSTW]* \([^ ]*\) \([^ ]*\)$/  {"lib\2", (void *) \&\2},/p'\'''
lt_cv_sys_global_symbol_to_cdecl='sed -n -e '\''s/^T .* \(.*\)$/extern int \1();/p'\'' -e '\''s/^[ABCDGIRSTW]* .* \(.*\)$/extern char \1;/p'\'''
lt_cv_sys_max_cmd_len=3458764513820540925
lt_cv_to_host_file_cmd=func_convert_file_noop
lt_cv_to_tool_file_cmd=func_convert_file_noop

## ----------------- ##
## Output variables. ##
## ----------------- ##

ACLOCAL='${SHELL} /home/reprepro/lmc-packages/libvmod-ipcast/src/missing --run aclocal-1.11'
AMDEPBACKSLASH=''
AMDEP_FALSE=''
AMDEP_TRUE='#'
AMTAR='$${TAR-tar}'
AR='ar'
AUTOCONF='${SHELL} /home/reprepro/lmc-packages/libvmod-ipcast/src/missing --run autoconf'
AUTOHEADER='${SHELL} /home/reprepro/lmc-packages/libvmod-ipcast/src/missing --run autoheader'
AUTOMAKE='${SHELL} /home/reprepro/lmc-packages/libvmod-ipcast/src/missing --run automake-1.11'
AWK='mawk'
CC='gcc -std=gnu99'
CCDEPMODE='depmode=none'
CFLAGS='-g -O2 -fstack-protector --param=ssp-buffer-size=4 -Wformat -Wformat-security'
CPP='gcc -E'
CPPFLAGS='-D_FORTIFY_SOURCE=2'
CYGPATH_W='echo'
DEFS='-DHAVE_CONFIG_H'
DEPDIR='.deps'
DLLTOOL='false'
DSYMUTIL=''
DUMPBIN=''
ECHO_C=''
ECHO_N='-n'
ECHO_T=''
EGREP='/bin/grep -E'
EXEEXT=''
FGREP='/bin/grep -F'
GREP='/bin/grep'
HAVE_RST2MAN_FALSE='#'
HAVE_RST2MAN_TRUE=''
INSTALL_DATA='${INSTALL} -m 644'
INSTALL_PROGRAM='${INSTALL}'
INSTALL_SCRIPT='${INSTALL}'
INSTALL_STRIP_PROGRAM='$(install_sh) -c -s'
LD='/usr/bin/ld -m elf_x86_64'
LDFLAGS='-Wl,-Bsymbolic-functions -Wl,-z,relro'
LIBOBJS=''
LIBS=''
LIBTOOL='$(SHELL) $(top_builddir)/libtool'
LIPO=''
LN_S='ln -s'
LTLIBOBJS=''
MAKEINFO='${SHELL} /home/reprepro/lmc-packages/libvmod-ipcast/src/missing --run makeinfo'
MANIFEST_TOOL=':'
MKDIR_P='/bin/mkdir -p'
NM='/usr/bin/nm -B'
NMEDIT=''
OBJDUMP='objdump'
OBJEXT='o'
OTOOL64=''
OTOOL=''
PACKAGE='libvmod-ipcast'
PACKAGE_BUGREPORT=''
PACKAGE_NAME='libvmod-ipcast'
PACKAGE_STRING='libvmod-ipcast trunk'
PACKAGE_TARNAME='libvmod-ipcast'
PACKAGE_URL=''
PACKAGE_VERSION='trunk'
PATH_SEPARATOR=':'
PKG_CONFIG='/usr/bin/pkg-config'
PKG_CONFIG_LIBDIR=''
PKG_CONFIG_PATH=''
PYTHON='python2.7'
RANLIB='ranlib'
RST2MAN='rst2man'
SED='/bin/sed'
SET_MAKE=''
SHELL='/bin/bash'
STRIP='strip'
VARNISHSRC='/home/reprepro/varnish-3.0.2'
VERSION='trunk'
VMODDIR='/usr/lib/varnish/vmods'
ac_ct_AR='ar'
ac_ct_CC='gcc'
ac_ct_DUMPBIN=''
am__EXEEXT_FALSE=''
am__EXEEXT_TRUE='#'
am__fastdepCC_FALSE=''
am__fastdepCC_TRUE='#'
am__include='include'
am__isrc=''
am__leading_dot='.'
am__nodep=''
am__quote=''
am__tar='$${TAR-tar} chof - "$$tardir"'
am__untar='$${TAR-tar} xf -'
bindir='${exec_prefix}/bin'
build='x86_64-pc-linux-gnu'
build_alias='x86_64-linux-gnu'
build_cpu='x86_64'
build_os='linux-gnu'
build_vendor='pc'
datadir='${datarootdir}'
datarootdir='${prefix}/share'
docdir='${datarootdir}/doc/${PACKAGE_TARNAME}'
dvidir='${docdir}'
exec_prefix='${prefix}'
host='x86_64-pc-linux-gnu'
host_alias=''
host_cpu='x86_64'
host_os='linux-gnu'
host_vendor='pc'
htmldir='${docdir}'
includedir='${prefix}/include'
infodir='${prefix}/share/info'
install_sh='${SHELL} /home/reprepro/lmc-packages/libvmod-ipcast/src/install-sh'
libdir='${exec_prefix}/lib'
libexecdir='${prefix}/lib/libvmod-ipcast'
localedir='${datarootdir}/locale'
localstatedir='/var'
mandir='${prefix}/share/man'
mkdir_p='/bin/mkdir -p'
oldincludedir='/usr/include'
pdfdir='${docdir}'
prefix='/usr'
program_transform_name='s,x,x,'
psdir='${docdir}'
sbindir='${exec_prefix}/sbin'
sharedstatedir='${prefix}/com'
sysconfdir='/etc'
target='x86_64-pc-linux-gnu'
target_alias=''
target_cpu='x86_64'
target_os='linux-gnu'
target_vendor='pc'

## ----------- ##
## confdefs.h. ##
## ----------- ##

/* confdefs.h */
#define PACKAGE_NAME "libvmod-ipcast"
#define PACKAGE_TARNAME "libvmod-ipcast"
#define PACKAGE_VERSION "trunk"
#define PACKAGE_STRING "libvmod-ipcast trunk"
#define PACKAGE_BUGREPORT ""
#define PACKAGE_URL ""
#define PACKAGE "libvmod-ipcast"
#define VERSION "trunk"
#define STDC_HEADERS 1
#define HAVE_SYS_TYPES_H 1
#define HAVE_SYS_STAT_H 1
#define HAVE_STDLIB_H 1
#define HAVE_STRING_H 1
#define HAVE_MEMORY_H 1
#define HAVE_STRINGS_H 1
#define HAVE_INTTYPES_H 1
#define HAVE_STDINT_H 1
#define HAVE_UNISTD_H 1
#define __EXTENSIONS__ 1
#define _ALL_SOURCE 1
#define _GNU_SOURCE 1
#define _POSIX_PTHREAD_SEMANTICS 1
#define _TANDEM_SOURCE 1
#define HAVE_DLFCN_H 1
#define LT_OBJDIR ".libs/"
#define STDC_HEADERS 1

configure: exit 0
